<?xml version="1.0" encoding="UTF-8"?>
<testsuites name="jest tests" tests="2" failures="0" time="4.835">
  <testsuite name="cronRestaurantRanking" errors="0" failures="0" skipped="0" timestamp="2019-12-05T15:22:17" time="3.466" tests="1">
    <testcase classname="cronRestaurantRanking trigger" name="cronRestaurantRanking trigger" time="1.479">
    </testcase>
  </testsuite>
  <testsuite name="reviews" errors="0" failures="0" skipped="0" timestamp="2019-12-05T15:22:21" time="1.328" tests="1">
    <testcase classname="reviews when create reviews functions calculate rate avg" name="reviews when create reviews functions calculate rate avg" time="1.013">
    </testcase>
  </testsuite>
</testsuites>